[25-Apr-2023 08:56:04 Europe/Berlin] Caught error by QuestionGenerator in /var/www/html/IMathAS/assessment/libs/copy.php in QSID 47:52 -- A non-numeric value encountered
[25-Apr-2023 08:56:04 Europe/Berlin] Caught error by QuestionGenerator in /var/www/html/IMathAS/assessment/libs/copy.php in QSID 47:52 -- A non-numeric value encountered
[25-Apr-2023 08:57:00 Europe/Berlin] Caught error by QuestionGenerator in /var/www/html/IMathAS/assessment/libs/copy.php in QSID 47:52 -- A non-numeric value encountered
[25-Apr-2023 08:57:00 Europe/Berlin] Caught error by QuestionGenerator in /var/www/html/IMathAS/assessment/libs/copy.php in QSID 47:52 -- A non-numeric value encountered
[25-Apr-2023 08:57:00 Europe/Berlin] Caught error by QuestionGenerator in /var/www/html/IMathAS/assessment/libs/copy.php in QSID 47:52 -- A non-numeric value encountered
[25-Apr-2023 08:57:00 Europe/Berlin] Caught error by QuestionGenerator in /var/www/html/IMathAS/assessment/libs/copy.php in QSID 47:52 -- A non-numeric value encountered
[23-May-2023 10:00:28 Europe/Berlin] Caught error by QuestionGenerator in /var/www/html/IMathAS/assess2/questions/QuestionHtmlGenerator.php(209) : eval()'d code in QSID 40:1 -- Use of undefined constant error - assumed 'error' (this will throw an Error in a future version of PHP)
[23-May-2023 10:07:29 Europe/Berlin] Caught error by QuestionGenerator in /var/www/html/IMathAS/assess2/questions/QuestionHtmlGenerator.php(209) : eval()'d code in QSID 40:1 -- Use of undefined constant error - assumed 'error' (this will throw an Error in a future version of PHP)
[17-Jul-2024 04:03:48 Europe/Berlin] Caught error by QuestionGenerator in /var/www/html/IMathAS/assess2/questions/QuestionHtmlGenerator.php(209) : eval()'d code in QSID 48:1 -- Use of undefined constant error - assumed 'error' (this will throw an Error in a future version of PHP)
[17-Jul-2024 04:05:06 Europe/Berlin] Caught error by QuestionGenerator in /var/www/html/IMathAS/assessment/libs/chatter.php in QSID 48:65 -- DOMDocument::loadHTML(): AttValue: ' expected in Entity, line: 2
[17-Jul-2024 04:05:06 Europe/Berlin] Caught error by QuestionGenerator in /var/www/html/IMathAS/assessment/libs/chatter.php in QSID 48:65 -- DOMDocument::loadHTML(): Couldn't find end of Start Tag div in Entity, line: 2
[17-Jul-2024 04:05:06 Europe/Berlin] Caught error by QuestionGenerator in /var/www/html/IMathAS/assessment/libs/chatter.php in QSID 48:65 -- DOMDocument::loadHTML(): AttValue: ' expected in Entity, line: 2
[17-Jul-2024 04:05:06 Europe/Berlin] Caught error by QuestionGenerator in /var/www/html/IMathAS/assessment/libs/chatter.php in QSID 48:65 -- DOMDocument::loadHTML(): Couldn't find end of Start Tag div in Entity, line: 2
[17-Jul-2024 04:31:00 Europe/Berlin] Caught error by QuestionGenerator in /var/www/html/IMathAS/assessment/libs/chatter.php in QSID 48:66 -- DOMDocument::loadHTML(): Unexpected end tag : b in Entity, line: 2
[17-Jul-2024 04:31:00 Europe/Berlin] Caught error by QuestionGenerator in /var/www/html/IMathAS/assessment/libs/chatter.php in QSID 48:66 -- DOMDocument::loadHTML(): Unexpected end tag : b in Entity, line: 2
[17-Jul-2024 04:31:48 Europe/Berlin] Caught error by QuestionGenerator in /var/www/html/IMathAS/assessment/libs/chatter.php in QSID 48:66 -- DOMDocument::loadHTML(): Unexpected end tag : b in Entity, line: 2
[17-Jul-2024 04:31:48 Europe/Berlin] Caught error by QuestionGenerator in /var/www/html/IMathAS/assessment/libs/chatter.php in QSID 48:66 -- DOMDocument::loadHTML(): Unexpected end tag : b in Entity, line: 2
[17-Jul-2024 04:46:31 Europe/Berlin] Caught error by QuestionGenerator in /var/www/html/IMathAS/assessment/libs/chatter.php in QSID 48:66 -- DOMDocument::loadHTML(): Unexpected end tag : b in Entity, line: 2
[17-Jul-2024 04:46:31 Europe/Berlin] Caught error by QuestionGenerator in /var/www/html/IMathAS/assessment/libs/chatter.php in QSID 48:66 -- DOMDocument::loadHTML(): Unexpected end tag : b in Entity, line: 2
[17-Jul-2024 10:58:31 Europe/Berlin] Caught error by QuestionGenerator in /var/www/html/IMathAS/assessment/libs/chatter.php in QSID 45:7 -- require(../../filter/math/ASCIIMath2TeX.php): failed to open stream: Datei oder Verzeichnis nicht gefunden
[17-Jul-2024 10:58:31 Europe/Berlin] PHP Fatal error:  require(): Failed opening required '../../filter/math/ASCIIMath2TeX.php' (include_path='.:/usr/share/php') in /var/www/html/IMathAS/assessment/libs/chatter.php on line 7
[17-Jul-2024 11:16:45 Europe/Berlin] Caught error by QuestionGenerator in /var/www/html/IMathAS/assessment/libs/chatter.php in QSID 45:7 -- require(/var/www/html/IMathAS/assessment/libs../../filter/math/ASCIIMath2TeX.php): failed to open stream: Datei oder Verzeichnis nicht gefunden
[17-Jul-2024 11:16:45 Europe/Berlin] PHP Fatal error:  require(): Failed opening required '/var/www/html/IMathAS/assessment/libs../../filter/math/ASCIIMath2TeX.php' (include_path='.:/usr/share/php') in /var/www/html/IMathAS/assessment/libs/chatter.php on line 7
[17-Jul-2024 13:13:25 Europe/Berlin] Caught error by QuestionGenerator in /var/www/html/IMathAS/assess2/questions/QuestionHtmlGenerator.php(209) : eval()'d code in QSID 48:1 -- Use of undefined constant error - assumed 'error' (this will throw an Error in a future version of PHP)
